#
# There is insufficient memory for the Java Runtime Environment to continue.
# Native memory allocation (malloc) failed to allocate 1101296 bytes for Chunk::new
# Possible reasons:
#   The system is out of physical RAM or swap space
#   The process is running with CompressedOops enabled, and the Java Heap may be blocking the growth of the native heap
# Possible solutions:
#   Reduce memory load on the system
#   Increase physical memory or swap space
#   Check if swap backing store is full
#   Decrease Java heap size (-Xmx/-Xms)
#   Decrease number of Java threads
#   Decrease Java thread stack sizes (-Xss)
#   Set larger code cache with -XX:ReservedCodeCacheSize=
#   JVM is running with Unscaled Compressed Oops mode in which the Java heap is
#     placed in the first 4GB address space. The Java Heap base address is the
#     maximum limit for the native heap growth. Please use -XX:HeapBaseMinAddress
#     to set the Java Heap base and to place the Java Heap above 4GB virtual address.
# This output file may be truncated or incomplete.
#
#  Out of Memory Error (allocation.cpp:389), pid=11372, tid=0x0000000000001fc4
#
# JRE version: OpenJDK Runtime Environment (8.0_242-b01) (build 1.8.0_242-release-1644-b01)
# Java VM: OpenJDK 64-Bit Server VM (25.242-b01 mixed mode windows-amd64 compressed oops)
# Failed to write core dump. Minidumps are not enabled by default on client versions of Windows
#

---------------  T H R E A D  ---------------

Current thread (0x00000000195d2000):  JavaThread "C2 CompilerThread0" daemon [_thread_in_native, id=8132, stack(0x0000000019ea0000,0x0000000019fa0000)]

Stack: [0x0000000019ea0000,0x0000000019fa0000]
[error occurred during error reporting (printing stack bounds), id 0xc0000005]

Native frames: (J=compiled Java code, j=interpreted, Vv=VM code, C=native code)


Current CompileTask:
C2:3724164 26208       4       com.android.ide.common.resources.NodeUtils::duplicateNode (315 bytes)


---------------  P R O C E S S  ---------------

Java Threads: ( => current thread )
  0x000000001ad97800 JavaThread "MarlinRenderer Disposer" daemon [_thread_blocked, id=19016, stack(0x0000000034d60000,0x0000000034e60000)]
  0x000000001ad9b800 JavaThread "Java2D Disposer" daemon [_thread_blocked, id=18116, stack(0x0000000034eb0000,0x0000000034fb0000)]
  0x000000001ad9e800 JavaThread "WorkerExecutor Queue Thread 8" [_thread_blocked, id=10956, stack(0x0000000031630000,0x0000000031730000)]
  0x000000001ad96800 JavaThread "WorkerExecutor Queue Thread 7" [_thread_blocked, id=18764, stack(0x0000000031530000,0x0000000031630000)]
  0x000000001ad9a000 JavaThread "WorkerExecutor Queue Thread 6" [_thread_blocked, id=15144, stack(0x0000000030e40000,0x0000000030f40000)]
  0x000000001ad99000 JavaThread "WorkerExecutor Queue Thread 5" [_thread_blocked, id=6656, stack(0x000000002fe60000,0x000000002ff60000)]
  0x000000001ad9a800 JavaThread "WorkerExecutor Queue Thread 4" [_thread_blocked, id=12056, stack(0x000000002f920000,0x000000002fa20000)]
  0x000000001981e800 JavaThread "WorkerExecutor Queue Thread 3" [_thread_blocked, id=6236, stack(0x000000002f820000,0x000000002f920000)]
  0x000000001981d800 JavaThread "WorkerExecutor Queue Thread 2" [_thread_blocked, id=10472, stack(0x000000002f720000,0x000000002f820000)]
  0x000000001981c000 JavaThread "WorkerExecutor Queue" [_thread_blocked, id=16176, stack(0x000000002f620000,0x000000002f720000)]
  0x000000001981d000 JavaThread "Cache worker for execution history cache (C:\Users\ACER\Desktop\LapTrinhAndroid\.gradle\6.5\executionHistory)" [_thread_blocked, id=9368, stack(0x000000002d980000,0x000000002da80000)]
  0x0000000019813000 JavaThread "Execution worker for ':' Thread 7" [_thread_blocked, id=8684, stack(0x000000002d580000,0x000000002d680000)]
  0x000000001981a000 JavaThread "Execution worker for ':' Thread 6" [_thread_blocked, id=8412, stack(0x000000002d480000,0x000000002d580000)]
  0x0000000019812800 JavaThread "Execution worker for ':' Thread 5" [_thread_blocked, id=8340, stack(0x000000002d380000,0x000000002d480000)]
  0x0000000019819000 JavaThread "Execution worker for ':' Thread 4" [_thread_blocked, id=8036, stack(0x000000002cc10000,0x000000002cd10000)]
  0x0000000019811800 JavaThread "Execution worker for ':' Thread 3" [_thread_blocked, id=7308, stack(0x000000002c4c0000,0x000000002c5c0000)]
  0x0000000019814000 JavaThread "Execution worker for ':' Thread 2" [_thread_blocked, id=7304, stack(0x000000002bdc0000,0x000000002bec0000)]
  0x0000000019818800 JavaThread "Execution worker for ':'" [_thread_in_vm, id=7196, stack(0x0000000029db0000,0x0000000029eb0000)]
  0x0000000019816000 JavaThread "Cache worker for file content cache (C:\Users\ACER\Desktop\LapTrinhAndroid\.gradle\6.5\fileContent)" [_thread_blocked, id=6544, stack(0x0000000029590000,0x0000000029690000)]
  0x0000000019817800 JavaThread "Cache worker for Build Output Cleanup Cache (C:\Users\ACER\Desktop\LapTrinhAndroid\.gradle\buildOutputCleanup)" [_thread_blocked, id=13412, stack(0x0000000028fc0000,0x00000000290c0000)]
  0x0000000019817000 JavaThread "jar transforms Thread 920" [_thread_blocked, id=6328, stack(0x0000000028ec0000,0x0000000028fc0000)]
  0x0000000019811000 JavaThread "jar transforms Thread 919" [_thread_blocked, id=7328, stack(0x0000000028dc0000,0x0000000028ec0000)]
  0x0000000019815800 JavaThread "jar transforms Thread 918" [_thread_blocked, id=14360, stack(0x0000000028cc0000,0x0000000028dc0000)]
  0x0000000020373800 JavaThread "jar transforms Thread 917" [_thread_blocked, id=14044, stack(0x0000000028bc0000,0x0000000028cc0000)]
  0x0000000020372000 JavaThread "jar transforms Thread 916" [_thread_blocked, id=3824, stack(0x0000000028ac0000,0x0000000028bc0000)]
  0x0000000020371800 JavaThread "jar transforms Thread 915" [_thread_blocked, id=16388, stack(0x00000000289c0000,0x0000000028ac0000)]
  0x000000002036f000 JavaThread "jar transforms Thread 914" [_thread_blocked, id=15404, stack(0x00000000288c0000,0x00000000289c0000)]
  0x0000000020373000 JavaThread "jar transforms Thread 913" [_thread_blocked, id=14216, stack(0x00000000287c0000,0x00000000288c0000)]
  0x0000000020370800 JavaThread "jar transforms Thread 912" [_thread_blocked, id=924, stack(0x00000000286c0000,0x00000000287c0000)]
  0x0000000020367800 JavaThread "jar transforms Thread 911" [_thread_blocked, id=1996, stack(0x00000000285c0000,0x00000000286c0000)]
  0x000000002036e000 JavaThread "jar transforms Thread 910" [_thread_blocked, id=17076, stack(0x00000000284c0000,0x00000000285c0000)]
  0x0000000020366800 JavaThread "jar transforms Thread 909" [_thread_blocked, id=13240, stack(0x00000000283c0000,0x00000000284c0000)]
  0x000000002036c000 JavaThread "jar transforms Thread 908" [_thread_blocked, id=5660, stack(0x00000000282c0000,0x00000000283c0000)]
  0x000000002036b000 JavaThread "jar transforms Thread 907" [_thread_blocked, id=11588, stack(0x00000000281c0000,0x00000000282c0000)]
  0x000000002036a800 JavaThread "jar transforms Thread 906" [_thread_blocked, id=13288, stack(0x00000000280c0000,0x00000000281c0000)]
  0x000000002036c800 JavaThread "jar transforms Thread 905" [_thread_blocked, id=17080, stack(0x0000000027fc0000,0x00000000280c0000)]
  0x000000002036d800 JavaThread "jar transforms Thread 904" [_thread_blocked, id=11528, stack(0x0000000027ec0000,0x0000000027fc0000)]
  0x0000000020369800 JavaThread "jar transforms Thread 903" [_thread_blocked, id=10860, stack(0x0000000027dc0000,0x0000000027ec0000)]
  0x0000000020366000 JavaThread "jar transforms Thread 902" [_thread_blocked, id=5268, stack(0x0000000027cc0000,0x0000000027dc0000)]
  0x0000000020369000 JavaThread "jar transforms Thread 901" [_thread_blocked, id=14016, stack(0x0000000027bc0000,0x0000000027cc0000)]
  0x0000000020364800 JavaThread "jar transforms Thread 900" [_thread_blocked, id=12372, stack(0x0000000027ac0000,0x0000000027bc0000)]
  0x0000000020365000 JavaThread "jar transforms Thread 899" [_thread_blocked, id=3564, stack(0x00000000279c0000,0x0000000027ac0000)]
  0x000000002af0a000 JavaThread "jar transforms Thread 898" [_thread_blocked, id=1452, stack(0x00000000278c0000,0x00000000279c0000)]
  0x000000002af09800 JavaThread "jar transforms Thread 897" [_thread_blocked, id=17720, stack(0x00000000277c0000,0x00000000278c0000)]
  0x000000002af0c800 JavaThread "jar transforms Thread 896" [_thread_blocked, id=16012, stack(0x00000000276c0000,0x00000000277c0000)]
  0x000000002af0b000 JavaThread "jar transforms Thread 895" [_thread_blocked, id=18072, stack(0x00000000275c0000,0x00000000276c0000)]
  0x000000002af08800 JavaThread "jar transforms Thread 894" [_thread_blocked, id=17916, stack(0x00000000274c0000,0x00000000275c0000)]
  0x000000002af08000 JavaThread "jar transforms Thread 893" [_thread_blocked, id=8748, stack(0x00000000273c0000,0x00000000274c0000)]
  0x000000002af07000 JavaThread "jar transforms Thread 892" [_thread_blocked, id=1376, stack(0x00000000272c0000,0x00000000273c0000)]
  0x000000002af0b800 JavaThread "jar transforms Thread 891" [_thread_blocked, id=18068, stack(0x00000000271c0000,0x00000000272c0000)]
  0x000000002aeff800 JavaThread "jar transforms Thread 890" [_thread_blocked, id=13628, stack(0x00000000270c0000,0x00000000271c0000)]
  0x000000002af00800 JavaThread "jar transforms Thread 889" [_thread_blocked, id=968, stack(0x0000000026fc0000,0x00000000270c0000)]
  0x000000002af01000 JavaThread "jar transforms Thread 888" [_thread_blocked, id=12676, stack(0x0000000026ec0000,0x0000000026fc0000)]
  0x000000002af06800 JavaThread "jar transforms Thread 887" [_thread_blocked, id=12268, stack(0x0000000026dc0000,0x0000000026ec0000)]
  0x000000002af05800 JavaThread "jar transforms Thread 886" [_thread_blocked, id=12896, stack(0x0000000026cc0000,0x0000000026dc0000)]
  0x000000002af05000 JavaThread "jar transforms Thread 885" [_thread_blocked, id=13040, stack(0x0000000026bc0000,0x0000000026cc0000)]
  0x000000002af02800 JavaThread "jar transforms Thread 884" [_thread_blocked, id=13448, stack(0x0000000026ac0000,0x0000000026bc0000)]
  0x000000002aeff000 JavaThread "jar transforms Thread 883" [_thread_blocked, id=19088, stack(0x00000000269c0000,0x0000000026ac0000)]
  0x000000002af03800 JavaThread "jar transforms Thread 882" [_thread_blocked, id=18972, stack(0x00000000268c0000,0x00000000269c0000)]
  0x000000002aefd800 JavaThread "jar transforms Thread 881" [_thread_blocked, id=18280, stack(0x00000000267c0000,0x00000000268c0000)]
  0x000000002af04000 JavaThread "jar transforms Thread 880" [_thread_blocked, id=18716, stack(0x00000000266c0000,0x00000000267c0000)]
  0x000000001acef000 JavaThread "jar transforms Thread 879" [_thread_blocked, id=18728, stack(0x00000000265c0000,0x00000000266c0000)]
  0x000000001ace8000 JavaThread "jar transforms Thread 878" [_thread_blocked, id=18204, stack(0x00000000264c0000,0x00000000265c0000)]
  0x000000001ace9000 JavaThread "jar transforms Thread 877" [_thread_blocked, id=13464, stack(0x00000000263c0000,0x00000000264c0000)]
  0x000000001ace7800 JavaThread "jar transforms Thread 876" [_thread_blocked, id=13928, stack(0x00000000262c0000,0x00000000263c0000)]
  0x000000001acee000 JavaThread "jar transforms Thread 875" [_thread_blocked, id=14028, stack(0x00000000261c0000,0x00000000262c0000)]
  0x000000001aceb000 JavaThread "jar transforms Thread 874" [_thread_blocked, id=19252, stack(0x00000000260c0000,0x00000000261c0000)]
  0x000000001aced800 JavaThread "jar transforms Thread 873" [_thread_blocked, id=19436, stack(0x0000000025fc0000,0x00000000260c0000)]
  0x000000001acec800 JavaThread "jar transforms Thread 872" [_thread_blocked, id=17568, stack(0x0000000025ec0000,0x0000000025fc0000)]
  0x000000001acea800 JavaThread "jar transforms Thread 871" [_thread_blocked, id=16372, stack(0x0000000025dc0000,0x0000000025ec0000)]
  0x000000001acec000 JavaThread "jar transforms Thread 870" [_thread_blocked, id=3040, stack(0x0000000025cc0000,0x0000000025dc0000)]
  0x000000001ace9800 JavaThread "jar transforms Thread 869" [_thread_blocked, id=14800, stack(0x0000000025bc0000,0x0000000025cc0000)]
  0x000000001ace0000 JavaThread "jar transforms Thread 868" [_thread_blocked, id=16032, stack(0x0000000025ac0000,0x0000000025bc0000)]
  0x000000001ace2000 JavaThread "jar transforms Thread 867" [_thread_blocked, id=4384, stack(0x00000000259c0000,0x0000000025ac0000)]
  0x000000001ace4800 JavaThread "jar transforms Thread 866" [_thread_blocked, id=19328, stack(0x00000000258c0000,0x00000000259c0000)]
  0x000000001ace5000 JavaThread "jar transforms Thread 865" [_thread_blocked, id=13108, stack(0x00000000257c0000,0x00000000258c0000)]
  0x000000001ace3800 JavaThread "jar transforms Thread 864" [_thread_blocked, id=18512, stack(0x00000000256c0000,0x00000000257c0000)]
  0x000000001ace0800 JavaThread "jar transforms Thread 863" [_thread_blocked, id=9704, stack(0x00000000255c0000,0x00000000256c0000)]
  0x000000001ace6800 JavaThread "jar transforms Thread 862" [_thread_blocked, id=5144, stack(0x00000000254c0000,0x00000000255c0000)]
  0x000000001ace6000 JavaThread "jar transforms Thread 861" [_thread_blocked, id=17148, stack(0x00000000253c0000,0x00000000254c0000)]
  0x000000001e8ec800 JavaThread "jar transforms Thread 860" [_thread_blocked, id=16544, stack(0x00000000252c0000,0x00000000253c0000)]
  0x000000001e8ed000 JavaThread "jar transforms Thread 859" [_thread_blocked, id=9396, stack(0x00000000251c0000,0x00000000252c0000)]
  0x000000001e8eb000 JavaThread "jar transforms Thread 858" [_thread_blocked, id=6292, stack(0x00000000250c0000,0x00000000251c0000)]
  0x000000001e8ea000 JavaThread "jar transforms Thread 857" [_thread_blocked, id=16260, stack(0x0000000024fc0000,0x00000000250c0000)]
  0x000000001e8ee800 JavaThread "jar transforms Thread 856" [_thread_blocked, id=19244, stack(0x0000000024ec0000,0x0000000024fc0000)]
  0x000000001e8eb800 JavaThread "jar transforms Thread 855" [_thread_blocked, id=17072, stack(0x0000000024dc0000,0x0000000024ec0000)]
  0x000000001e8e2800 JavaThread "jar transforms Thread 854" [_thread_blocked, id=11444, stack(0x0000000024cc0000,0x0000000024dc0000)]
  0x000000001e8e9800 JavaThread "jar transforms Thread 853" [_thread_blocked, id=14660, stack(0x0000000024bc0000,0x0000000024cc0000)]
  0x000000001e8e2000 JavaThread "jar transforms Thread 852" [_thread_blocked, id=10780, stack(0x0000000024ac0000,0x0000000024bc0000)]
  0x000000001e8e8800 JavaThread "jar transforms Thread 851" [_thread_blocked, id=17028, stack(0x00000000249c0000,0x0000000024ac0000)]
  0x000000001e8e1000 JavaThread "jar transforms Thread 850" [_thread_blocked, id=16976, stack(0x00000000248c0000,0x00000000249c0000)]
  0x000000001e8e8000 JavaThread "jar transforms Thread 849" [_thread_blocked, id=16916, stack(0x00000000247c0000,0x00000000248c0000)]
  0x000000001e8e7000 JavaThread "jar transforms Thread 848" [_thread_blocked, id=16788, stack(0x00000000246c0000,0x00000000247c0000)]
  0x000000001e8e5800 JavaThread "jar transforms Thread 847" [_thread_blocked, id=16752, stack(0x00000000245c0000,0x00000000246c0000)]
  0x000000001e8e4000 JavaThread "jar transforms Thread 846" [_thread_blocked, id=16464, stack(0x00000000244c0000,0x00000000245c0000)]
  0x000000001e8e6800 JavaThread "jar transforms Thread 845" [_thread_blocked, id=17156, stack(0x00000000243c0000,0x00000000244c0000)]
  0x000000001e8e3800 JavaThread "jar transforms Thread 844" [_thread_blocked, id=10364, stack(0x00000000242c0000,0x00000000243c0000)]
  0x000000001e8e0800 JavaThread "jar transforms Thread 843" [_thread_blocked, id=8168, stack(0x00000000241c0000,0x00000000242c0000)]
  0x000000001e8e5000 JavaThread "jar transforms Thread 842" [_thread_blocked, id=2084, stack(0x00000000240c0000,0x00000000241c0000)]
  0x000000002b1d3000 JavaThread "jar transforms Thread 841" [_thread_blocked, id=11932, stack(0x0000000023fc0000,0x00000000240c0000)]
  0x000000002b1d2000 JavaThread "jar transforms Thread 840" [_thread_blocked, id=1192, stack(0x0000000023ec0000,0x0000000023fc0000)]
  0x000000002b1d4800 JavaThread "jar transforms Thread 839" [_thread_blocked, id=13244, stack(0x0000000023dc0000,0x0000000023ec0000)]
  0x000000002b1d1800 JavaThread "jar transforms Thread 838" [_thread_blocked, id=12144, stack(0x0000000023cc0000,0x0000000023dc0000)]
  0x000000002b1d5000 JavaThread "jar transforms Thread 837" [_thread_blocked, id=12416, stack(0x0000000023bc0000,0x0000000023cc0000)]
  0x000000002b1d3800 JavaThread "jar transforms Thread 836" [_thread_blocked, id=9264, stack(0x0000000023ac0000,0x0000000023bc0000)]
  0x000000002b1ca000 JavaThread "jar transforms Thread 835" [_thread_blocked, id=16944, stack(0x00000000239c0000,0x0000000023ac0000)]
  0x000000002b1d0800 JavaThread "jar transforms Thread 834" [_thread_blocked, id=6852, stack(0x00000000238c0000,0x00000000239c0000)]
  0x000000002b1d0000 JavaThread "jar transforms Thread 833" [_thread_blocked, id=10496, stack(0x00000000237c0000,0x00000000238c0000)]
  0x000000002b1c8800 JavaThread "jar transforms Thread 832" [_thread_blocked, id=11980, stack(0x00000000236c0000,0x00000000237c0000)]
  0x000000002b1cf000 JavaThread "jar transforms Thread 831" [_thread_blocked, id=10336, stack(0x00000000235c0000,0x00000000236c0000)]
  0x000000002b1cc000 JavaThread "jar transforms Thread 830" [_thread_blocked, id=19272, stack(0x00000000234c0000,0x00000000235c0000)]
  0x000000002b1cb800 JavaThread "jar transforms Thread 829" [_thread_blocked, id=1036, stack(0x00000000233c0000,0x00000000234c0000)]
  0x000000002b1c7800 JavaThread "Build operations Thread 8" [_thread_blocked, id=6272, stack(0x00000000232c0000,0x00000000233c0000)]
  0x000000002b1cd000 JavaThread "Build operations Thread 7" [_thread_blocked, id=4204, stack(0x00000000231c0000,0x00000000232c0000)]
  0x000000002b1ca800 JavaThread "Build operations Thread 6" [_thread_blocked, id=12292, stack(0x00000000230c0000,0x00000000231c0000)]
  0x000000002b1c7000 JavaThread "Build operations Thread 5" [_thread_blocked, id=7940, stack(0x0000000022fc0000,0x00000000230c0000)]
  0x000000002b1c9000 JavaThread "Build operations Thread 4" [_thread_blocked, id=3452, stack(0x00000000227c0000,0x00000000228c0000)]
  0x000000002b1cd800 JavaThread "Build operations Thread 3" [_thread_blocked, id=11832, stack(0x0000000021fc0000,0x00000000220c0000)]
  0x000000002b1c6000 JavaThread "Build operations Thread 2" [_thread_blocked, id=11736, stack(0x0000000021ec0000,0x0000000021fc0000)]
  0x0000000021b57800 JavaThread "Build operations" [_thread_blocked, id=14468, stack(0x0000000020b60000,0x0000000020c60000)]
  0x0000000021b5e000 JavaThread "Cache worker for cache directory md-rule (C:\Users\ACER\.gradle\caches\6.5\md-rule)" [_thread_blocked, id=4852, stack(0x0000000020a60000,0x0000000020b60000)]
  0x0000000021b56800 JavaThread "Cache worker for cache directory md-supplier (C:\Users\ACER\.gradle\caches\6.5\md-supplier)" [_thread_blocked, id=13960, stack(0x000000001e0c0000,0x000000001e1c0000)]
  0x0000000021b58000 JavaThread "Cache worker for checksums cache (C:\Users\ACER\Desktop\LapTrinhAndroid\.gradle\checksums)" [_thread_blocked, id=7256, stack(0x000000001dfc0000,0x000000001e0c0000)]
  0x0000000021b5d800 JavaThread "Cache worker for file hash cache (C:\Users\ACER\Desktop\LapTrinhAndroid\.gradle\6.5\fileHashes)" [_thread_blocked, id=10352, stack(0x000000001dec0000,0x000000001dfc0000)]
  0x0000000021b5c800 JavaThread "Thread-1416" [_thread_blocked, id=14788, stack(0x000000001ddc0000,0x000000001dec0000)]
  0x0000000021b5a800 JavaThread "Stdin handler" [_thread_blocked, id=16316, stack(0x000000001d9c0000,0x000000001dac0000)]
  0x0000000021b59800 JavaThread "Asynchronous log dispatcher for DefaultDaemonConnection: socket connection from /127.0.0.1:50511 to /127.0.0.1:52075" [_thread_blocked, id=3108, stack(0x000000001d380000,0x000000001d480000)]
  0x0000000021b54800 JavaThread "Daemon worker Thread 9" [_thread_blocked, id=14612, stack(0x000000001d280000,0x000000001d380000)]
  0x0000000021b4f000 JavaThread "Cancel handler" [_thread_blocked, id=15444, stack(0x0000000000ac0000,0x0000000000bc0000)]
  0x0000000021b53800 JavaThread "Handler for socket connection from /127.0.0.1:50511 to /127.0.0.1:52075" [_thread_in_native, id=16640, stack(0x00000000009c0000,0x0000000000ac0000)]
  0x0000000021b53000 JavaThread "Daemon Thread 9" [_thread_blocked, id=17608, stack(0x00000000008c0000,0x00000000009c0000)]
  0x000000001e8ef800 JavaThread "Cache worker for Java compile cache (C:\Users\ACER\.gradle\caches\6.5\javaCompile)" [_thread_blocked, id=7844, stack(0x000000002d880000,0x000000002d980000)]
  0x000000001ada0800 JavaThread "Memory manager" [_thread_blocked, id=11824, stack(0x0000000029690000,0x0000000029790000)]
  0x000000001c229000 JavaThread "Cache worker for file content cache (C:\Users\ACER\.gradle\caches\6.5\fileContent)" [_thread_blocked, id=14476, stack(0x00000000228c0000,0x00000000229c0000)]
  0x000000001c229800 JavaThread "Cache worker for execution history cache (C:\Users\ACER\.gradle\caches\6.5\executionHistory)" [_thread_blocked, id=13124, stack(0x00000000220c0000,0x00000000221c0000)]
  0x000000001c22e000 JavaThread "Cache worker for file hash cache (C:\Users\ACER\.gradle\caches\6.5\fileHashes)" [_thread_blocked, id=13168, stack(0x000000001e5c0000,0x000000001e6c0000)]
  0x000000001c075800 JavaThread "File lock request listener" [_thread_in_native, id=14188, stack(0x000000001e4c0000,0x000000001e5c0000)]
  0x000000001c074800 JavaThread "Cache worker for journal cache (C:\Users\ACER\.gradle\caches\journal-1)" [_thread_blocked, id=14720, stack(0x000000001e3c0000,0x000000001e4c0000)]
  0x000000001c02a000 JavaThread "Daemon periodic checks" [_thread_blocked, id=6104, stack(0x000000001d6c0000,0x000000001d7c0000)]
  0x000000001bfdd800 JavaThread "Incoming local TCP Connector on port 50511" [_thread_in_native, id=11596, stack(0x000000001d480000,0x000000001d580000)]
  0x000000001bf6a000 JavaThread "Daemon health stats" [_thread_blocked, id=4232, stack(0x000000001ce40000,0x000000001cf40000)]
  0x0000000019678800 JavaThread "Service Thread" daemon [_thread_blocked, id=18436, stack(0x000000001a2a0000,0x000000001a3a0000)]
  0x00000000195eb800 JavaThread "C1 CompilerThread3" daemon [_thread_in_native, id=868, stack(0x000000001a1a0000,0x000000001a2a0000)]
  0x00000000195e7800 JavaThread "C2 CompilerThread2" daemon [_thread_blocked, id=3144, stack(0x000000001a0a0000,0x000000001a1a0000)]
  0x00000000195d7800 JavaThread "C2 CompilerThread1" daemon [_thread_blocked, id=3364, stack(0x0000000019fa0000,0x000000001a0a0000)]
=>0x00000000195d2000 JavaThread "C2 CompilerThread0" daemon [_thread_in_native, id=8132, stack(0x0000000019ea0000,0x0000000019fa0000)]
  0x00000000195d1000 JavaThread "Attach Listener" daemon [_thread_blocked, id=16312, stack(0x0000000019da0000,0x0000000019ea0000)]
  0x00000000195cf000 JavaThread "Signal Dispatcher" daemon [_thread_blocked, id=15544, stack(0x0000000019ca0000,0x0000000019da0000)]
  0x000000000275d800 JavaThread "Finalizer" daemon [_thread_blocked, id=11176, stack(0x0000000019aa0000,0x0000000019ba0000)]
  0x00000000195c0800 JavaThread "Reference Handler" daemon [_thread_blocked, id=18180, stack(0x00000000199a0000,0x0000000019aa0000)]
  0x000000000255e000 JavaThread "main" [_thread_blocked, id=10464, stack(0x0000000002560000,0x0000000002660000)]

Other Threads:
  0x00000000177c8800 VMThread [stack: 0x00000000194a0000,0x00000000195a0000] [id=1812]
  0x0000000019679800 WatcherThread [stack: 0x000000001a3a0000,0x000000001a4a0000] [id=11488]

VM state:not at safepoint (normal execution)

VM Mutex/Monitor currently owned by a thread:  ([mutex/lock_event])
[0x000000000255c870] CodeCache_lock - owner thread: 0x00000000195eb800
[0x00000000026615d0] Compile_lock - owner thread: 0x0000000000000000

heap address: 0x0000000080000000, size: 2048 MB, Compressed Oops mode: 32-bit
Narrow klass base: 0x0000000000000000, Narrow klass shift: 3
Compressed class space size: 1073741824 Address: 0x0000000100000000

Heap:
 PSYoungGen      total 350720K, used 309171K [0x00000000d5580000, 0x00000000ed800000, 0x0000000100000000)
  eden space 330240K, 87% used [0x00000000d5580000,0x00000000e6f90dc0,0x00000000e9800000)
  from space 20480K, 99% used [0x00000000eae00000,0x00000000ec1dc218,0x00000000ec200000)
  to   space 22528K, 0% used [0x00000000ec200000,0x00000000ec200000,0x00000000ed800000)
 ParOldGen       total 181760K, used 57856K [0x0000000080000000, 0x000000008b180000, 0x00000000d5580000)
  object space 181760K, 31% used [0x0000000080000000,0x00000000838801c8,0x000000008b180000)
 Metaspace       used 104922K, capacity 113196K, committed 113304K, reserved 1148928K
  class space    used 13404K, capacity 14752K, committed 14768K, reserved 1048576K

Card table byte_map: [0x0000000011b20000,0x0000000011f30000] byte_map_base: 0x0000000011720000

Marking Bits: (ParMarkBitMap*) 0x0000000055bcf030
 Begin Bits: [0x00000000129e0000, 0x00000000149e0000)
 End Bits:   [0x00000000149e0000, 0x00000000169e0000)

Polling page: 0x00000000007b0000

CodeCache: size=245760Kb used=72963Kb max_used=73105Kb free=172796Kb
 bounds [0x0000000002760000, 0x0000000006f40000, 0x0000000011760000]
 total_blobs=21238 nmethods=20228 adapters=920
 compilation: enabled

Compilation events (10 events):
Event: 3723.963 Thread 0x00000000195d7800 nmethod 26211 0x0000000002f0b350 code [0x0000000002f0b500, 0x0000000002f0beb8]
Event: 3723.989 Thread 0x00000000195e7800 nmethod 26206% 0x0000000005a68d10 code [0x0000000005a691c0, 0x0000000005a6bc70]
Event: 3723.993 Thread 0x00000000195eb800 26210       2       com.sun.org.apache.xerces.internal.dom.ParentNode::checkNormalizationAfterInsert (63 bytes)
Event: 3723.994 Thread 0x00000000195eb800 nmethod 26210 0x0000000003eeb4d0 code [0x0000000003eeb660, 0x0000000003eeb928]
Event: 3724.135 Thread 0x00000000195d7800 26212       4       java.nio.ByteBuffer::arrayOffset (35 bytes)
Event: 3724.137 Thread 0x00000000195d7800 nmethod 26212 0x000000000522bf50 code [0x000000000522c080, 0x000000000522c118]
Event: 3724.151 Thread 0x00000000195eb800 26213       3       kotlin.io.FilesKt__UtilsKt::getExtension (24 bytes)
Event: 3724.152 Thread 0x00000000195eb800 nmethod 26213 0x0000000006b6d0d0 code [0x0000000006b6d280, 0x0000000006b6d558]
Event: 3724.159 Thread 0x00000000195eb800 26214       3       java.io.File::length (33 bytes)
Event: 3724.160 Thread 0x00000000195eb800 nmethod 26214 0x0000000003eeadd0 code [0x0000000003eeaf60, 0x0000000003eeb388]

GC Heap History (10 events):
Event: 1880.824 GC heap before
{Heap before GC invocations=27 (full 4):
 PSYoungGen      total 435712K, used 415927K [0x00000000d5580000, 0x00000000f1f80000, 0x0000000100000000)
  eden space 401920K, 99% used [0x00000000d5580000,0x00000000edc554d8,0x00000000ede00000)
  from space 33792K, 46% used [0x00000000efd80000,0x00000000f0cd8778,0x00000000f1e80000)
  to   space 32256K, 0% used [0x00000000ede00000,0x00000000ede00000,0x00000000efd80000)
 ParOldGen       total 181760K, used 57816K [0x0000000080000000, 0x000000008b180000, 0x00000000d5580000)
  object space 181760K, 31% used [0x0000000080000000,0x00000000838761c8,0x000000008b180000)
 Metaspace       used 97317K, capacity 103466K, committed 103704K, reserved 1138688K
  class space    used 12530K, capacity 13579K, committed 13616K, reserved 1048576K
Event: 1880.940 GC heap after
Heap after GC invocations=27 (full 4):
 PSYoungGen      total 406528K, used 20106K [0x00000000d5580000, 0x00000000f0e80000, 0x0000000100000000)
  eden space 386048K, 0% used [0x00000000d5580000,0x00000000d5580000,0x00000000ece80000)
  from space 20480K, 98% used [0x00000000ede00000,0x00000000ef1a2930,0x00000000ef200000)
  to   space 29184K, 0% used [0x00000000ef200000,0x00000000ef200000,0x00000000f0e80000)
 ParOldGen       total 181760K, used 57824K [0x0000000080000000, 0x000000008b180000, 0x00000000d5580000)
  object space 181760K, 31% used [0x0000000080000000,0x00000000838781c8,0x000000008b180000)
 Metaspace       used 97317K, capacity 103466K, committed 103704K, reserved 1138688K
  class space    used 12530K, capacity 13579K, committed 13616K, reserved 1048576K
}
Event: 2326.162 GC heap before
{Heap before GC invocations=28 (full 4):
 PSYoungGen      total 406528K, used 406154K [0x00000000d5580000, 0x00000000f0e80000, 0x0000000100000000)
  eden space 386048K, 100% used [0x00000000d5580000,0x00000000ece80000,0x00000000ece80000)
  from space 20480K, 98% used [0x00000000ede00000,0x00000000ef1a2930,0x00000000ef200000)
  to   space 29184K, 0% used [0x00000000ef200000,0x00000000ef200000,0x00000000f0e80000)
 ParOldGen       total 181760K, used 57824K [0x0000000080000000, 0x000000008b180000, 0x00000000d5580000)
  object space 181760K, 31% used [0x0000000080000000,0x00000000838781c8,0x000000008b180000)
 Metaspace       used 97462K, capacity 103664K, committed 103960K, reserved 1140736K
  class space    used 12531K, capacity 13580K, committed 13616K, reserved 1048576K
Event: 2326.249 GC heap after
Heap after GC invocations=28 (full 4):
 PSYoungGen      total 385024K, used 13498K [0x00000000d5580000, 0x00000000eff80000, 0x0000000100000000)
  eden space 371200K, 0% used [0x00000000d5580000,0x00000000d5580000,0x00000000ec000000)
  from space 13824K, 97% used [0x00000000ef200000,0x00000000eff2ea40,0x00000000eff80000)
  to   space 31232K, 0% used [0x00000000ec280000,0x00000000ec280000,0x00000000ee100000)
 ParOldGen       total 181760K, used 57832K [0x0000000080000000, 0x000000008b180000, 0x00000000d5580000)
  object space 181760K, 31% used [0x0000000080000000,0x000000008387a1c8,0x000000008b180000)
 Metaspace       used 97462K, capacity 103664K, committed 103960K, reserved 1140736K
  class space    used 12531K, capacity 13580K, committed 13616K, reserved 1048576K
}
Event: 2331.623 GC heap before
{Heap before GC invocations=29 (full 4):
 PSYoungGen      total 385024K, used 381628K [0x00000000d5580000, 0x00000000eff80000, 0x0000000100000000)
  eden space 371200K, 99% used [0x00000000d5580000,0x00000000ebd00848,0x00000000ec000000)
  from space 13824K, 97% used [0x00000000ef200000,0x00000000eff2ea40,0x00000000eff80000)
  to   space 31232K, 0% used [0x00000000ec280000,0x00000000ec280000,0x00000000ee100000)
 ParOldGen       total 181760K, used 57832K [0x0000000080000000, 0x000000008b180000, 0x00000000d5580000)
  object space 181760K, 31% used [0x0000000080000000,0x000000008387a1c8,0x000000008b180000)
 Metaspace       used 97620K, capacity 103884K, committed 103960K, reserved 1140736K
  class space    used 12533K, capacity 13582K, committed 13616K, reserved 1048576K
Event: 2331.683 GC heap after
Heap after GC invocations=29 (full 4):
 PSYoungGen      total 377344K, used 20363K [0x00000000d5580000, 0x00000000ef280000, 0x0000000100000000)
  eden space 356864K, 0% used [0x00000000d5580000,0x00000000d5580000,0x00000000eb200000)
  from space 20480K, 99% used [0x00000000ec280000,0x00000000ed662e20,0x00000000ed680000)
  to   space 28672K, 0% used [0x00000000ed680000,0x00000000ed680000,0x00000000ef280000)
 ParOldGen       total 181760K, used 57840K [0x0000000080000000, 0x000000008b180000, 0x00000000d5580000)
  object space 181760K, 31% used [0x0000000080000000,0x000000008387c1c8,0x000000008b180000)
 Metaspace       used 97620K, capacity 103884K, committed 103960K, reserved 1140736K
  class space    used 12533K, capacity 13582K, committed 13616K, reserved 1048576K
}
Event: 2890.410 GC heap before
{Heap before GC invocations=30 (full 4):
 PSYoungGen      total 377344K, used 377227K [0x00000000d5580000, 0x00000000ef280000, 0x0000000100000000)
  eden space 356864K, 100% used [0x00000000d5580000,0x00000000eb200000,0x00000000eb200000)
  from space 20480K, 99% used [0x00000000ec280000,0x00000000ed662e20,0x00000000ed680000)
  to   space 28672K, 0% used [0x00000000ed680000,0x00000000ed680000,0x00000000ef280000)
 ParOldGen       total 181760K, used 57840K [0x0000000080000000, 0x000000008b180000, 0x00000000d5580000)
  object space 181760K, 31% used [0x0000000080000000,0x000000008387c1c8,0x000000008b180000)
 Metaspace       used 99082K, capacity 106992K, committed 107288K, reserved 1142784K
  class space    used 12795K, capacity 14066K, committed 14128K, reserved 1048576K
Event: 2890.599 GC heap after
Heap after GC invocations=30 (full 4):
 PSYoungGen      total 367104K, used 23820K [0x00000000d5580000, 0x00000000eee00000, 0x0000000100000000)
  eden space 343040K, 0% used [0x00000000d5580000,0x00000000d5580000,0x00000000ea480000)
  from space 24064K, 98% used [0x00000000ed680000,0x00000000eedc30e8,0x00000000eee00000)
  to   space 32768K, 0% used [0x00000000eae00000,0x00000000eae00000,0x00000000ece00000)
 ParOldGen       total 181760K, used 57848K [0x0000000080000000, 0x000000008b180000, 0x00000000d5580000)
  object space 181760K, 31% used [0x0000000080000000,0x000000008387e1c8,0x000000008b180000)
 Metaspace       used 99082K, capacity 106992K, committed 107288K, reserved 1142784K
  class space    used 12795K, capacity 14066K, committed 14128K, reserved 1048576K
}
Event: 2897.779 GC heap before
{Heap before GC invocations=31 (full 4):
 PSYoungGen      total 367104K, used 366844K [0x00000000d5580000, 0x00000000eee00000, 0x0000000100000000)
  eden space 343040K, 99% used [0x00000000d5580000,0x00000000ea47bf18,0x00000000ea480000)
  from space 24064K, 98% used [0x00000000ed680000,0x00000000eedc30e8,0x00000000eee00000)
  to   space 32768K, 0% used [0x00000000eae00000,0x00000000eae00000,0x00000000ece00000)
 ParOldGen       total 181760K, used 57848K [0x0000000080000000, 0x000000008b180000, 0x00000000d5580000)
  object space 181760K, 31% used [0x0000000080000000,0x000000008387e1c8,0x000000008b180000)
 Metaspace       used 99199K, capacity 107026K, committed 107288K, reserved 1142784K
  class space    used 12797K, capacity 14069K, committed 14128K, reserved 1048576K
Event: 2897.836 GC heap after
Heap after GC invocations=31 (full 4):
 PSYoungGen      total 350720K, used 20336K [0x00000000d5580000, 0x00000000ed800000, 0x0000000100000000)
  eden space 330240K, 0% used [0x00000000d5580000,0x00000000d5580000,0x00000000e9800000)
  from space 20480K, 99% used [0x00000000eae00000,0x00000000ec1dc218,0x00000000ec200000)
  to   space 22528K, 0% used [0x00000000ec200000,0x00000000ec200000,0x00000000ed800000)
 ParOldGen       total 181760K, used 57856K [0x0000000080000000, 0x000000008b180000, 0x00000000d5580000)
  object space 181760K, 31% used [0x0000000080000000,0x00000000838801c8,0x000000008b180000)
 Metaspace       used 99199K, capacity 107026K, committed 107288K, reserved 1142784K
  class space    used 12797K, capacity 14069K, committed 14128K, reserved 1048576K
}

Deoptimization events (10 events):
Event: 3721.315 Thread 0x000000001981c000 Uncommon trap: reason=array_check action=maybe_recompile pc=0x0000000004f7c638 method=java.util.TimSort.mergeHi(IIII)V @ 250
Event: 3721.315 Thread 0x000000001981c000 Uncommon trap: reason=array_check action=maybe_recompile pc=0x0000000004f7c778 method=java.util.TimSort.mergeHi(IIII)V @ 282
Event: 3721.425 Thread 0x000000001981d800 Uncommon trap: reason=unstable_if action=reinterpret pc=0x00000000046cc9b4 method=java.lang.StrictMath.floorOrCeil(DDDD)D @ 115
Event: 3721.677 Thread 0x000000001981d800 Uncommon trap: reason=unstable_if action=reinterpret pc=0x0000000006e88518 method=sun.java2d.marlin.MarlinCache.copyAARowRLE_WithBlockFlags([I[IIII)V @ 545
Event: 3723.897 Thread 0x0000000019818800 Uncommon trap: reason=class_check action=maybe_recompile pc=0x0000000003c21f84 method=com.android.ide.common.resources.NodeUtils.duplicateNode(Lorg/w3c/dom/Document;Lorg/w3c/dom/Node;)Lorg/w3c/dom/Node; @ 1
Event: 3723.898 Thread 0x0000000019818800 Uncommon trap: reason=class_check action=maybe_recompile pc=0x0000000003c21f84 method=com.android.ide.common.resources.NodeUtils.duplicateNode(Lorg/w3c/dom/Document;Lorg/w3c/dom/Node;)Lorg/w3c/dom/Node; @ 1
Event: 3723.898 Thread 0x0000000019818800 Uncommon trap: reason=class_check action=maybe_recompile pc=0x0000000003c21f84 method=com.android.ide.common.resources.NodeUtils.duplicateNode(Lorg/w3c/dom/Document;Lorg/w3c/dom/Node;)Lorg/w3c/dom/Node; @ 1
Event: 3723.898 Thread 0x0000000019818800 Uncommon trap: reason=class_check action=maybe_recompile pc=0x0000000003c21f84 method=com.android.ide.common.resources.NodeUtils.duplicateNode(Lorg/w3c/dom/Document;Lorg/w3c/dom/Node;)Lorg/w3c/dom/Node; @ 1
Event: 3723.900 Thread 0x0000000019818800 Uncommon trap: reason=unstable_if action=reinterpret pc=0x0000000006cf4274 method=com.sun.org.apache.xerces.internal.dom.ParentNode.checkNormalizationAfterInsert(Lcom/sun/org/apache/xerces/internal/dom/ChildNode;)V @ 27
Event: 3723.900 Thread 0x0000000019818800 Uncommon trap: reason=unstable_if action=reinterpret pc=0x0000000006cec938 method=com.sun.org.apache.xerces.internal.dom.ParentNode.checkNormalizationAfterInsert(Lcom/sun/org/apache/xerces/internal/dom/ChildNode;)V @ 27

Classes redefined (0 events):
No events

Internal exceptions (10 events):
Event: 3720.585 Thread 0x0000000019818800 Exception <a 'java/lang/NoSuchMethodError': <clinit>> (0x00000000e40ab7f0) thrown at [C:\src\AOSP-openjdk-git\hotspot\src\share\vm\prims\jni.cpp, line 1615]
Event: 3720.586 Thread 0x0000000019818800 Exception <a 'java/lang/NoSuchMethodError': <clinit>> (0x00000000e40b05f0) thrown at [C:\src\AOSP-openjdk-git\hotspot\src\share\vm\prims\jni.cpp, line 1615]
Event: 3720.586 Thread 0x0000000019818800 Exception <a 'java/lang/NoSuchMethodError': <clinit>> (0x00000000e40b3c70) thrown at [C:\src\AOSP-openjdk-git\hotspot\src\share\vm\prims\jni.cpp, line 1615]
Event: 3720.595 Thread 0x0000000019818800 Exception <a 'java/lang/NoSuchMethodError': <clinit>> (0x00000000e40cb7a8) thrown at [C:\src\AOSP-openjdk-git\hotspot\src\share\vm\prims\jni.cpp, line 1615]
Event: 3720.602 Thread 0x0000000019818800 Exception <a 'java/lang/NoSuchMethodError': <clinit>> (0x00000000e40e1270) thrown at [C:\src\AOSP-openjdk-git\hotspot\src\share\vm\prims\jni.cpp, line 1615]
Event: 3720.609 Thread 0x0000000019818800 Exception <a 'java/lang/NoSuchMethodError': <clinit>> (0x00000000e40fe9f8) thrown at [C:\src\AOSP-openjdk-git\hotspot\src\share\vm\prims\jni.cpp, line 1615]
Event: 3720.614 Thread 0x0000000019818800 Exception <a 'java/lang/NoSuchMethodError': <clinit>> (0x00000000e4111dd0) thrown at [C:\src\AOSP-openjdk-git\hotspot\src\share\vm\prims\jni.cpp, line 1615]
Event: 3720.634 Thread 0x0000000019818800 Exception <a 'java/lang/NoSuchMethodError': <clinit>> (0x00000000e417ba50) thrown at [C:\src\AOSP-openjdk-git\hotspot\src\share\vm\prims\jni.cpp, line 1615]
Event: 3721.049 Thread 0x000000001981c000 Exception <a 'java/io/FileNotFoundException'> (0x00000000e47d8f08) thrown at [C:\src\AOSP-openjdk-git\hotspot\src\share\vm\prims\jni.cpp, line 710]
Event: 3721.250 Thread 0x000000001981c000 Exception <a 'java/io/FileNotFoundException'> (0x00000000e4da3258) thrown at [C:\src\AOSP-openjdk-git\hotspot\src\share\vm\prims\jni.cpp, line 710]

Events (10 events):
Event: 3724.004 Thread 0x00000000195eb800 flushing nmethod 0x0000000006b6ce90
Event: 3724.005 Thread 0x00000000195eb800 flushing nmethod 0x0000000006b6fed0
Event: 3724.005 Thread 0x00000000195eb800 flushing nmethod 0x0000000006b79050
Event: 3724.005 Thread 0x00000000195eb800 flushing nmethod 0x0000000006b8cb90
Event: 3724.005 Thread 0x00000000195eb800 flushing nmethod 0x0000000006b8d190
Event: 3724.005 Thread 0x00000000195eb800 flushing nmethod 0x0000000006b93710
Event: 3724.005 Thread 0x00000000195eb800 flushing nmethod 0x0000000006b94590
Event: 3724.005 Thread 0x00000000195eb800 flushing nmethod 0x0000000006b94ed0
Event: 3724.006 Thread 0x00000000195eb800 flushing nmethod 0x0000000006be0350
Event: 3724.007 Thread 0x00000000195eb800 flushing nmethod 0x0000000006be1750


Dynamic libraries:
0x00007ff703060000 - 0x00007ff703091000 	C:\Program Files\Android\Android Studio\jre\bin\java.exe
0x00007ffe9c0f0000 - 0x00007ffe9c2e6000 	C:\WINDOWS\SYSTEM32\ntdll.dll
0x00007ffe9bff0000 - 0x00007ffe9c0ad000 	C:\WINDOWS\System32\KERNEL32.DLL
0x00007ffe99d50000 - 0x00007ffe9a019000 	C:\WINDOWS\System32\KERNELBASE.dll
0x00007ffe9b4e0000 - 0x00007ffe9b58c000 	C:\WINDOWS\System32\ADVAPI32.dll
0x00007ffe9aab0000 - 0x00007ffe9ab4e000 	C:\WINDOWS\System32\msvcrt.dll
0x00007ffe9b6f0000 - 0x00007ffe9b78c000 	C:\WINDOWS\System32\sechost.dll
0x00007ffe9ac60000 - 0x00007ffe9ad8b000 	C:\WINDOWS\System32\RPCRT4.dll
0x00007ffe9a210000 - 0x00007ffe9a3b0000 	C:\WINDOWS\System32\USER32.dll
0x00007ffe99880000 - 0x00007ffe998a2000 	C:\WINDOWS\System32\win32u.dll
0x00007ffe9aa10000 - 0x00007ffe9aa3a000 	C:\WINDOWS\System32\GDI32.dll
0x00007ffe99af0000 - 0x00007ffe99bf9000 	C:\WINDOWS\System32\gdi32full.dll
0x00007ffe99cb0000 - 0x00007ffe99d4d000 	C:\WINDOWS\System32\msvcp_win.dll
0x00007ffe9a050000 - 0x00007ffe9a150000 	C:\WINDOWS\System32\ucrtbase.dll
0x00007ffe86f70000 - 0x00007ffe8720b000 	C:\WINDOWS\WinSxS\amd64_microsoft.windows.common-controls_6595b64144ccf1df_6.0.19041.488_none_ca04af081b815d21\COMCTL32.dll
0x00007ffe9b790000 - 0x00007ffe9b7c0000 	C:\WINDOWS\System32\IMM32.DLL
0x0000000057910000 - 0x00000000579e2000 	C:\Program Files\Android\Android Studio\jre\jre\bin\msvcr100.dll
0x0000000055400000 - 0x0000000055c4b000 	C:\Program Files\Android\Android Studio\jre\jre\bin\server\jvm.dll
0x00007ffe9a200000 - 0x00007ffe9a208000 	C:\WINDOWS\System32\PSAPI.DLL
0x00007ffe970d0000 - 0x00007ffe970d9000 	C:\WINDOWS\SYSTEM32\WSOCK32.dll
0x00007ffe92b60000 - 0x00007ffe92b6a000 	C:\WINDOWS\SYSTEM32\VERSION.dll
0x00007ffe873c0000 - 0x00007ffe873e7000 	C:\WINDOWS\SYSTEM32\WINMM.dll
0x00007ffe9a3b0000 - 0x00007ffe9a41b000 	C:\WINDOWS\System32\WS2_32.dll
0x00007ffe95590000 - 0x00007ffe9559f000 	C:\Program Files\Android\Android Studio\jre\jre\bin\verify.dll
0x00007ffe941c0000 - 0x00007ffe941e9000 	C:\Program Files\Android\Android Studio\jre\jre\bin\java.dll
0x00007ffe92460000 - 0x00007ffe92476000 	C:\Program Files\Android\Android Studio\jre\jre\bin\zip.dll
0x00007ffe9ad90000 - 0x00007ffe9b4d2000 	C:\WINDOWS\System32\SHELL32.dll
0x00007ffe97980000 - 0x00007ffe98115000 	C:\WINDOWS\SYSTEM32\windows.storage.dll
0x00007ffe9b7c0000 - 0x00007ffe9bb16000 	C:\WINDOWS\System32\combase.dll
0x00007ffe992a0000 - 0x00007ffe992cc000 	C:\WINDOWS\SYSTEM32\Wldp.dll
0x00007ffe9a150000 - 0x00007ffe9a1fe000 	C:\WINDOWS\System32\SHCORE.dll
0x00007ffe9a440000 - 0x00007ffe9a495000 	C:\WINDOWS\System32\shlwapi.dll
0x00007ffe99760000 - 0x00007ffe99786000 	C:\WINDOWS\SYSTEM32\profapi.dll
0x00007ffe92440000 - 0x00007ffe9245a000 	C:\Program Files\Android\Android Studio\jre\jre\bin\net.dll
0x00007ffe99020000 - 0x00007ffe9908a000 	C:\WINDOWS\system32\mswsock.dll
0x00007ffe8b3e0000 - 0x00007ffe8b3f3000 	C:\Program Files\Android\Android Studio\jre\jre\bin\nio.dll
0x00007ffe943d0000 - 0x00007ffe943f7000 	C:\Users\ACER\.gradle\native\f6784746aeab05261644944871eae4fe03e0ef1612fff0a4a95f87b438bc6780\windows-amd64\native-platform.dll
0x00007ffe94b90000 - 0x00007ffe94b9d000 	C:\Program Files\Android\Android Studio\jre\jre\bin\management.dll
0x00007ffe991f0000 - 0x00007ffe99208000 	C:\WINDOWS\SYSTEM32\CRYPTSP.dll
0x00007ffe98940000 - 0x00007ffe98974000 	C:\WINDOWS\system32\rsaenh.dll
0x00007ffe9a020000 - 0x00007ffe9a047000 	C:\WINDOWS\System32\bcrypt.dll
0x00007ffe99720000 - 0x00007ffe9974e000 	C:\WINDOWS\SYSTEM32\USERENV.dll
0x00007ffe998b0000 - 0x00007ffe99930000 	C:\WINDOWS\System32\bcryptprimitives.dll
0x00007ffe99210000 - 0x00007ffe9921c000 	C:\WINDOWS\SYSTEM32\CRYPTBASE.dll
0x00007ffe98cc0000 - 0x00007ffe98cfb000 	C:\WINDOWS\SYSTEM32\IPHLPAPI.DLL
0x00007ffe9aa00000 - 0x00007ffe9aa08000 	C:\WINDOWS\System32\NSI.dll
0x00007ffe92b70000 - 0x00007ffe92b87000 	C:\WINDOWS\SYSTEM32\dhcpcsvc6.DLL
0x00007ffe92c40000 - 0x00007ffe92c5d000 	C:\WINDOWS\SYSTEM32\dhcpcsvc.DLL
0x00007ffe98d00000 - 0x00007ffe98dcb000 	C:\WINDOWS\SYSTEM32\DNSAPI.dll
0x00007ffe92ff0000 - 0x00007ffe92ffb000 	C:\WINDOWS\SYSTEM32\WINNSI.DLL
0x00007ffe70a80000 - 0x00007ffe70c1c000 	C:\Program Files\Android\Android Studio\jre\jre\bin\awt.dll
0x00007ffe9b590000 - 0x00007ffe9b65d000 	C:\WINDOWS\System32\OLEAUT32.dll
0x00007ffe97490000 - 0x00007ffe974bf000 	C:\WINDOWS\SYSTEM32\dwmapi.dll
0x00007ffe95f50000 - 0x00007ffe96510000 	C:\WINDOWS\SYSTEM32\d2d1.dll
0x00007ffe971c0000 - 0x00007ffe97250000 	C:\WINDOWS\SYSTEM32\apphelp.dll
0x00007ffe972c0000 - 0x00007ffe9735e000 	C:\WINDOWS\system32\uxtheme.dll

VM Arguments:
jvm_args: -Xmx2048m -Dfile.encoding=UTF-8 -Duser.country=US -Duser.language=en -Duser.variant 
java_command: org.gradle.launcher.daemon.bootstrap.GradleDaemon 6.5
java_class_path (initial): C:\Users\ACER\.gradle\wrapper\dists\gradle-6.5-bin\6nifqtx7604sqp1q6g8wikw7p\gradle-6.5\lib\gradle-launcher-6.5.jar
Launcher Type: SUN_STANDARD

Environment Variables:
JAVA_HOME=C:\Program Files\Java\jdk-14.0.2
PATH=C:\Windows\system32;C:\Windows;C:\Windows\System32\Wbem;C:\Windows\System32\WindowsPowerShell\v1.0\;C:\Windows\System32\OpenSSH\;C:\Program Files (x86)\NVIDIA Corporation\PhysX\Common;C:\Program Files\NVIDIA Corporation\NVIDIA NvDLISR;C:\Program Files\Microsoft SQL Server\130\Tools\Binn\;C:\Program Files\Microsoft SQL Server\Client SDK\ODBC\170\Tools\Binn\;C:\WINDOWS\system32;C:\WINDOWS;C:\WINDOWS\System32\Wbem;C:\WINDOWS\System32\WindowsPowerShell\v1.0\;C:\WINDOWS\System32\OpenSSH\;C:\Program Files\Java\jdk-14.0.2\bin;C:\Program Files\nodejs\;C:\Program Files\dotnet\;C:\Program Files\Microsoft SQL Server\Client SDK\ODBC\110\Tools\Binn\;C:\Program Files (x86)\Microsoft SQL Server\120\Tools\Binn\;C:\Program Files\Microsoft SQL Server\120\Tools\Binn\;C:\Program Files\Microsoft SQL Server\120\DTS\Binn\;C:\Program Files (x86)\Microsoft SQL Server\120\Tools\Binn\ManagementStudio\;C:\Program Files (x86)\Microsoft SQL Server\120\DTS\Binn\;C:\Users\ACER\AppData\Local\Programs\Python\Python38-32\Scripts\;C:\Users\ACER\AppData\Local\Programs\Python\Python38-32\;C:\Users\ACER\AppData\Local\Microsoft\WindowsApps;C:\Users\ACER\AppData\Local\Programs\Microsoft VS Code\bin;C:\Users\ACER\AppData\Roaming\npm;C:\Users\ACER\AppData\Local\GitHubDesktop\bin;C:\Users\ACER\.dotnet\tools
USERNAME=ACER
OS=Windows_NT
PROCESSOR_IDENTIFIER=Intel64 Family 6 Model 158 Stepping 10, GenuineIntel



---------------  S Y S T E M  ---------------

OS: Windows 10.0 , 64 bit Build 19041 (10.0.19041.662)

CPU:total 8 (initial active 8) (4 cores per cpu, 2 threads per core) family 6 model 158 stepping 10, cmov, cx8, fxsr, mmx, sse, sse2, sse3, ssse3, sse4.1, sse4.2, popcnt, avx, avx2, aes, clmul, erms, 3dnowpref, lzcnt, ht, tsc, tscinvbit, bmi1, bmi2, adx

Memory: 4k page, physical 8227444k(336588k free), swap 16616052k(9820k free)

vm_info: OpenJDK 64-Bit Server VM (25.242-b01) for windows-amd64 JRE (1.8.0_242-release-1644-b01), built by "builder" with MS VC++ 10.0 (VS2010)

time: Thu Dec 31 11:21:53 2020
timezone: SE Asia Standard Time
elapsed time: 3724 seconds (0d 1h 2m 4s)

